2024-08-22T18:56:49.620+02:00  INFO 25476 --- [Garage] [main] org.eelcorp.garage.GarageApplication     : Starting GarageApplication using Java 22.0.2 with PID 25476 (C:\Users\user\Desktop\Garage\build\classes\java\main started by user in C:\Users\user\Desktop\Garage)
2024-08-22T18:56:49.622+02:00  INFO 25476 --- [Garage] [main] org.eelcorp.garage.GarageApplication     : No active profile set, falling back to 1 default profile: "default"
2024-08-22T18:56:50.132+02:00  INFO 25476 --- [Garage] [main] .s.d.r.c.RepositoryConfigurationDelegate : Multiple Spring Data modules found, entering strict repository configuration mode
2024-08-22T18:56:50.133+02:00  INFO 25476 --- [Garage] [main] .s.d.r.c.RepositoryConfigurationDelegate : Bootstrapping Spring Data JDBC repositories in DEFAULT mode.
2024-08-22T18:56:50.156+02:00  INFO 25476 --- [Garage] [main] .RepositoryConfigurationExtensionSupport : Spring Data JDBC - Could not safely identify store assignment for repository candidate interface org.eelcorp.garage.DBAPI.FahrzeugRepo; If you want this repository to be a JDBC repository, consider annotating your entities with one of these annotations: org.springframework.data.relational.core.mapping.Table.
2024-08-22T18:56:50.157+02:00  INFO 25476 --- [Garage] [main] .RepositoryConfigurationExtensionSupport : Spring Data JDBC - Could not safely identify store assignment for repository candidate interface org.eelcorp.garage.DBAPI.ParkplatzRepo; If you want this repository to be a JDBC repository, consider annotating your entities with one of these annotations: org.springframework.data.relational.core.mapping.Table.
2024-08-22T18:56:50.158+02:00  INFO 25476 --- [Garage] [main] .s.d.r.c.RepositoryConfigurationDelegate : Finished Spring Data repository scanning in 21 ms. Found 0 JDBC repository interfaces.
2024-08-22T18:56:50.166+02:00  INFO 25476 --- [Garage] [main] .s.d.r.c.RepositoryConfigurationDelegate : Multiple Spring Data modules found, entering strict repository configuration mode
2024-08-22T18:56:50.167+02:00  INFO 25476 --- [Garage] [main] .s.d.r.c.RepositoryConfigurationDelegate : Bootstrapping Spring Data JPA repositories in DEFAULT mode.
2024-08-22T18:56:50.186+02:00  INFO 25476 --- [Garage] [main] .s.d.r.c.RepositoryConfigurationDelegate : Finished Spring Data repository scanning in 15 ms. Found 2 JPA repository interfaces.
2024-08-22T18:56:50.555+02:00  INFO 25476 --- [Garage] [main] o.s.b.w.embedded.tomcat.TomcatWebServer  : Tomcat initialized with port 8080 (http)
2024-08-22T18:56:50.571+02:00  INFO 25476 --- [Garage] [main] o.apache.catalina.core.StandardService   : Starting service [Tomcat]
2024-08-22T18:56:50.571+02:00  INFO 25476 --- [Garage] [main] o.apache.catalina.core.StandardEngine    : Starting Servlet engine: [Apache Tomcat/10.1.26]
2024-08-22T18:56:50.614+02:00  INFO 25476 --- [Garage] [main] o.a.c.c.C.[Tomcat].[localhost].[/]       : Initializing Spring embedded WebApplicationContext
2024-08-22T18:56:50.614+02:00  INFO 25476 --- [Garage] [main] w.s.c.ServletWebServerApplicationContext : Root WebApplicationContext: initialization completed in 954 ms
2024-08-22T18:56:50.703+02:00  INFO 25476 --- [Garage] [main] com.zaxxer.hikari.HikariDataSource       : HikariPool-1 - Starting...
2024-08-22T18:56:50.833+02:00  INFO 25476 --- [Garage] [main] com.zaxxer.hikari.pool.HikariPool        : HikariPool-1 - Added connection org.postgresql.jdbc.PgConnection@3d615b2e
2024-08-22T18:56:50.835+02:00  INFO 25476 --- [Garage] [main] com.zaxxer.hikari.HikariDataSource       : HikariPool-1 - Start completed.
2024-08-22T18:56:50.868+02:00  INFO 25476 --- [Garage] [main] o.hibernate.jpa.internal.util.LogHelper  : HHH000204: Processing PersistenceUnitInfo [name: default]
2024-08-22T18:56:50.915+02:00  INFO 25476 --- [Garage] [main] org.hibernate.Version                    : HHH000412: Hibernate ORM core version 6.5.2.Final
2024-08-22T18:56:50.944+02:00  INFO 25476 --- [Garage] [main] o.h.c.internal.RegionFactoryInitiator    : HHH000026: Second-level cache disabled
2024-08-22T18:56:51.203+02:00  INFO 25476 --- [Garage] [main] o.s.o.j.p.SpringPersistenceUnitInfo      : No LoadTimeWeaver setup: ignoring JPA class transformer
2024-08-22T18:56:51.965+02:00  INFO 25476 --- [Garage] [main] o.h.e.t.j.p.i.JtaPlatformInitiator       : HHH000489: No JTA platform available (set 'hibernate.transaction.jta.platform' to enable JTA platform integration)
2024-08-22T18:56:51.967+02:00  INFO 25476 --- [Garage] [main] j.LocalContainerEntityManagerFactoryBean : Initialized JPA EntityManagerFactory for persistence unit 'default'
2024-08-22T18:56:52.167+02:00  INFO 25476 --- [Garage] [main] o.s.d.j.r.query.QueryEnhancerFactory     : Hibernate is in classpath; If applicable, HQL parser will be used.
2024-08-22T18:56:52.580+02:00  WARN 25476 --- [Garage] [main] JpaBaseConfiguration$JpaWebConfiguration : spring.jpa.open-in-view is enabled by default. Therefore, database queries may be performed during view rendering. Explicitly configure spring.jpa.open-in-view to disable this warning
2024-08-22T18:56:52.594+02:00  INFO 25476 --- [Garage] [main] o.s.b.a.w.s.WelcomePageHandlerMapping    : Adding welcome page: class path resource [static/index.html]
2024-08-22T18:56:52.880+02:00  INFO 25476 --- [Garage] [main] o.s.b.w.embedded.tomcat.TomcatWebServer  : Tomcat started on port 8080 (http) with context path '/'
2024-08-22T18:56:52.890+02:00  INFO 25476 --- [Garage] [main] org.eelcorp.garage.GarageApplication     : Started GarageApplication in 3.609 seconds (process running for 4.079)
2024-08-22T18:56:52.892+02:00  INFO 25476 --- [Garage] [main] o.e.garage.GarageApplication$AppRunner   : Fuck you spiderman
2024-08-22T18:57:20.705+02:00  INFO 25476 --- [Garage] [SpringApplicationShutdownHook] j.LocalContainerEntityManagerFactoryBean : Closing JPA EntityManagerFactory for persistence unit 'default'
2024-08-22T18:57:20.706+02:00  INFO 25476 --- [Garage] [SpringApplicationShutdownHook] com.zaxxer.hikari.HikariDataSource       : HikariPool-1 - Shutdown initiated...
2024-08-22T18:57:20.708+02:00  INFO 25476 --- [Garage] [SpringApplicationShutdownHook] com.zaxxer.hikari.HikariDataSource       : HikariPool-1 - Shutdown completed.
2024-08-22T18:57:22.804+02:00  INFO 21780 --- [Garage] [main] org.eelcorp.garage.GarageApplication     : Starting GarageApplication using Java 22.0.2 with PID 21780 (C:\Users\user\Desktop\Garage\build\classes\java\main started by user in C:\Users\user\Desktop\Garage)
2024-08-22T18:57:22.806+02:00  INFO 21780 --- [Garage] [main] org.eelcorp.garage.GarageApplication     : No active profile set, falling back to 1 default profile: "default"
2024-08-22T18:57:23.326+02:00  INFO 21780 --- [Garage] [main] .s.d.r.c.RepositoryConfigurationDelegate : Multiple Spring Data modules found, entering strict repository configuration mode
2024-08-22T18:57:23.327+02:00  INFO 21780 --- [Garage] [main] .s.d.r.c.RepositoryConfigurationDelegate : Bootstrapping Spring Data JDBC repositories in DEFAULT mode.
2024-08-22T18:57:23.350+02:00  INFO 21780 --- [Garage] [main] .RepositoryConfigurationExtensionSupport : Spring Data JDBC - Could not safely identify store assignment for repository candidate interface org.eelcorp.garage.DBAPI.FahrzeugRepo; If you want this repository to be a JDBC repository, consider annotating your entities with one of these annotations: org.springframework.data.relational.core.mapping.Table.
2024-08-22T18:57:23.351+02:00  INFO 21780 --- [Garage] [main] .RepositoryConfigurationExtensionSupport : Spring Data JDBC - Could not safely identify store assignment for repository candidate interface org.eelcorp.garage.DBAPI.ParkplatzRepo; If you want this repository to be a JDBC repository, consider annotating your entities with one of these annotations: org.springframework.data.relational.core.mapping.Table.
2024-08-22T18:57:23.351+02:00  INFO 21780 --- [Garage] [main] .s.d.r.c.RepositoryConfigurationDelegate : Finished Spring Data repository scanning in 20 ms. Found 0 JDBC repository interfaces.
2024-08-22T18:57:23.361+02:00  INFO 21780 --- [Garage] [main] .s.d.r.c.RepositoryConfigurationDelegate : Multiple Spring Data modules found, entering strict repository configuration mode
2024-08-22T18:57:23.361+02:00  INFO 21780 --- [Garage] [main] .s.d.r.c.RepositoryConfigurationDelegate : Bootstrapping Spring Data JPA repositories in DEFAULT mode.
2024-08-22T18:57:23.380+02:00  INFO 21780 --- [Garage] [main] .s.d.r.c.RepositoryConfigurationDelegate : Finished Spring Data repository scanning in 15 ms. Found 2 JPA repository interfaces.
2024-08-22T18:57:23.755+02:00  INFO 21780 --- [Garage] [main] o.s.b.w.embedded.tomcat.TomcatWebServer  : Tomcat initialized with port 8080 (http)
2024-08-22T18:57:23.764+02:00  INFO 21780 --- [Garage] [main] o.apache.catalina.core.StandardService   : Starting service [Tomcat]
2024-08-22T18:57:23.765+02:00  INFO 21780 --- [Garage] [main] o.apache.catalina.core.StandardEngine    : Starting Servlet engine: [Apache Tomcat/10.1.26]
2024-08-22T18:57:23.808+02:00  INFO 21780 --- [Garage] [main] o.a.c.c.C.[Tomcat].[localhost].[/]       : Initializing Spring embedded WebApplicationContext
2024-08-22T18:57:23.808+02:00  INFO 21780 --- [Garage] [main] w.s.c.ServletWebServerApplicationContext : Root WebApplicationContext: initialization completed in 970 ms
2024-08-22T18:57:23.897+02:00  INFO 21780 --- [Garage] [main] com.zaxxer.hikari.HikariDataSource       : HikariPool-1 - Starting...
2024-08-22T18:57:24.022+02:00  INFO 21780 --- [Garage] [main] com.zaxxer.hikari.pool.HikariPool        : HikariPool-1 - Added connection org.postgresql.jdbc.PgConnection@664e848c
2024-08-22T18:57:24.023+02:00  INFO 21780 --- [Garage] [main] com.zaxxer.hikari.HikariDataSource       : HikariPool-1 - Start completed.
2024-08-22T18:57:24.060+02:00  INFO 21780 --- [Garage] [main] o.hibernate.jpa.internal.util.LogHelper  : HHH000204: Processing PersistenceUnitInfo [name: default]
2024-08-22T18:57:24.111+02:00  INFO 21780 --- [Garage] [main] org.hibernate.Version                    : HHH000412: Hibernate ORM core version 6.5.2.Final
2024-08-22T18:57:24.142+02:00  INFO 21780 --- [Garage] [main] o.h.c.internal.RegionFactoryInitiator    : HHH000026: Second-level cache disabled
2024-08-22T18:57:24.400+02:00  INFO 21780 --- [Garage] [main] o.s.o.j.p.SpringPersistenceUnitInfo      : No LoadTimeWeaver setup: ignoring JPA class transformer
2024-08-22T18:57:25.178+02:00  INFO 21780 --- [Garage] [main] o.h.e.t.j.p.i.JtaPlatformInitiator       : HHH000489: No JTA platform available (set 'hibernate.transaction.jta.platform' to enable JTA platform integration)
2024-08-22T18:57:25.181+02:00  INFO 21780 --- [Garage] [main] j.LocalContainerEntityManagerFactoryBean : Initialized JPA EntityManagerFactory for persistence unit 'default'
2024-08-22T18:57:25.367+02:00  INFO 21780 --- [Garage] [main] o.s.d.j.r.query.QueryEnhancerFactory     : Hibernate is in classpath; If applicable, HQL parser will be used.
2024-08-22T18:57:25.779+02:00  WARN 21780 --- [Garage] [main] JpaBaseConfiguration$JpaWebConfiguration : spring.jpa.open-in-view is enabled by default. Therefore, database queries may be performed during view rendering. Explicitly configure spring.jpa.open-in-view to disable this warning
2024-08-22T18:57:25.794+02:00  INFO 21780 --- [Garage] [main] o.s.b.a.w.s.WelcomePageHandlerMapping    : Adding welcome page: class path resource [static/index.html]
2024-08-22T18:57:26.080+02:00  INFO 21780 --- [Garage] [main] o.s.b.w.embedded.tomcat.TomcatWebServer  : Tomcat started on port 8080 (http) with context path '/'
2024-08-22T18:57:26.085+02:00  INFO 21780 --- [Garage] [main] org.eelcorp.garage.GarageApplication     : Started GarageApplication in 3.617 seconds (process running for 4.083)
2024-08-22T18:57:26.088+02:00  INFO 21780 --- [Garage] [main] o.e.garage.GarageApplication$AppRunner   : Fuck you spiderman
2024-08-22T23:25:20.318+02:00  INFO 21780 --- [Garage] [SpringApplicationShutdownHook] j.LocalContainerEntityManagerFactoryBean : Closing JPA EntityManagerFactory for persistence unit 'default'
2024-08-22T23:25:20.411+02:00  INFO 21780 --- [Garage] [SpringApplicationShutdownHook] com.zaxxer.hikari.HikariDataSource       : HikariPool-1 - Shutdown initiated...
2024-08-22T23:25:20.434+02:00  INFO 21780 --- [Garage] [SpringApplicationShutdownHook] com.zaxxer.hikari.HikariDataSource       : HikariPool-1 - Shutdown completed.
